C:\USERS\ROC\DOCUMENTS\VISUAL STUDIO 2010\PROJECTS\SETW\DEBUG\SETW.EXE
C:\USERS\ROC\DOCUMENTS\VISUAL STUDIO 2010\PROJECTS\SETW\DEBUG\SETW.ILK
C:\USERS\ROC\DOCUMENTS\VISUAL STUDIO 2010\PROJECTS\SETW\DEBUG\SETW.PDB
C:\Users\Roc\documents\visual studio 2010\Projects\setw\setw\Debug\cl.command.1.tlog
C:\Users\Roc\documents\visual studio 2010\Projects\setw\setw\Debug\CL.read.1.tlog
C:\Users\Roc\documents\visual studio 2010\Projects\setw\setw\Debug\CL.write.1.tlog
C:\Users\Roc\documents\visual studio 2010\Projects\setw\setw\Debug\link.101616.read.1.tlog
C:\Users\Roc\documents\visual studio 2010\Projects\setw\setw\Debug\link.101616.write.1.tlog
C:\Users\Roc\documents\visual studio 2010\Projects\setw\setw\Debug\link.109908.read.1.tlog
C:\Users\Roc\documents\visual studio 2010\Projects\setw\setw\Debug\link.109908.write.1.tlog
C:\Users\Roc\documents\visual studio 2010\Projects\setw\setw\Debug\link.109908-cvtres.read.1.tlog
C:\Users\Roc\documents\visual studio 2010\Projects\setw\setw\Debug\link.109908-cvtres.write.1.tlog
C:\Users\Roc\documents\visual studio 2010\Projects\setw\setw\Debug\link.231624.read.1.tlog
C:\Users\Roc\documents\visual studio 2010\Projects\setw\setw\Debug\link.231624.write.1.tlog
C:\Users\Roc\documents\visual studio 2010\Projects\setw\setw\Debug\link.231624-cvtres.read.1.tlog
C:\Users\Roc\documents\visual studio 2010\Projects\setw\setw\Debug\link.231624-cvtres.write.1.tlog
C:\Users\Roc\documents\visual studio 2010\Projects\setw\setw\Debug\link.74472.read.1.tlog
C:\Users\Roc\documents\visual studio 2010\Projects\setw\setw\Debug\link.74472.write.1.tlog
C:\Users\Roc\documents\visual studio 2010\Projects\setw\setw\Debug\link.74472-cvtres.read.1.tlog
C:\Users\Roc\documents\visual studio 2010\Projects\setw\setw\Debug\link.74472-cvtres.write.1.tlog
C:\Users\Roc\documents\visual studio 2010\Projects\setw\setw\Debug\link.80648.read.1.tlog
C:\Users\Roc\documents\visual studio 2010\Projects\setw\setw\Debug\link.80648.write.1.tlog
C:\Users\Roc\documents\visual studio 2010\Projects\setw\setw\Debug\link.80648-cvtres.read.1.tlog
C:\Users\Roc\documents\visual studio 2010\Projects\setw\setw\Debug\link.80648-cvtres.write.1.tlog
C:\Users\Roc\documents\visual studio 2010\Projects\setw\setw\Debug\link.command.1.tlog
C:\Users\Roc\documents\visual studio 2010\Projects\setw\setw\Debug\link.read.1.tlog
C:\Users\Roc\documents\visual studio 2010\Projects\setw\setw\Debug\link.write.1.tlog
C:\Users\Roc\documents\visual studio 2010\Projects\setw\setw\Debug\link-cvtres.read.1.tlog
C:\Users\Roc\documents\visual studio 2010\Projects\setw\setw\Debug\link-cvtres.write.1.tlog
C:\Users\Roc\documents\visual studio 2010\Projects\setw\setw\Debug\mt.command.1.tlog
C:\Users\Roc\documents\visual studio 2010\Projects\setw\setw\Debug\mt.read.1.tlog
C:\Users\Roc\documents\visual studio 2010\Projects\setw\setw\Debug\mt.write.1.tlog
C:\Users\Roc\documents\visual studio 2010\Projects\setw\setw\Debug\rc.command.1.tlog
C:\Users\Roc\documents\visual studio 2010\Projects\setw\setw\Debug\rc.read.1.tlog
C:\Users\Roc\documents\visual studio 2010\Projects\setw\setw\Debug\rc.write.1.tlog
C:\USERS\ROC\DOCUMENTS\VISUAL STUDIO 2010\PROJECTS\SETW\SETW\DEBUG\SETW.EXE.EMBED.MANIFEST
C:\USERS\ROC\DOCUMENTS\VISUAL STUDIO 2010\PROJECTS\SETW\SETW\DEBUG\SETW.EXE.EMBED.MANIFEST.RES
C:\USERS\ROC\DOCUMENTS\VISUAL STUDIO 2010\PROJECTS\SETW\SETW\DEBUG\SETW.EXE.INTERMEDIATE.MANIFEST
C:\USERS\ROC\DOCUMENTS\VISUAL STUDIO 2010\PROJECTS\SETW\SETW\DEBUG\SETW.OBJ
C:\Users\Roc\documents\visual studio 2010\Projects\setw\setw\Debug\setw_manifest.rc
C:\Users\Roc\documents\visual studio 2010\Projects\setw\setw\Debug\vc100.idb
C:\USERS\ROC\DOCUMENTS\VISUAL STUDIO 2010\PROJECTS\SETW\SETW\DEBUG\VC100.PDB
