生成启动时间为 2016/12/8 16:11:00。
     1>项目“C:\Users\Roc\Documents\Visual Studio 2010\Projects\八数码难题\八数码难题\八数码难题.vcxproj”在节点 2 上(build 个目标)。
     1>InitializeBuildStatus:
         正在创建“Debug\八数码难题.unsuccessfulbuild”，因为已指定“AlwaysCreate”。
       ClCompile:
         e:\Microsoft Visual Studio 10.0\VC\bin\CL.exe /c /ZI /nologo /W3 /WX- /Od /Oy- /D WIN32 /D _DEBUG /D _CONSOLE /D _UNICODE /D UNICODE /Gm /EHsc /RTC1 /MDd /GS /fp:precise /Zc:wchar_t /Zc:forScope /Fo"Debug\\" /Fd"Debug\vc100.pdb" /Gd /TP /analyze- /errorReport:prompt "八数码难题.cpp"
         八数码难题.cpp
     1>c:\users\roc\documents\visual studio 2010\projects\八数码难题\八数码难题\八数码难题.cpp(35): warning C4715: “line”: 不是所有的控件路径都返回值
     1>c:\users\roc\documents\visual studio 2010\projects\八数码难题\八数码难题\八数码难题.cpp(44): warning C4715: “row”: 不是所有的控件路径都返回值
       ManifestResourceCompile:
         所有输出均为最新。
       Link:
         e:\Microsoft Visual Studio 10.0\VC\bin\link.exe /ERRORREPORT:PROMPT /OUT:"C:\Users\Roc\Documents\Visual Studio 2010\Projects\八数码难题\Debug\八数码难题.exe" /INCREMENTAL /NOLOGO kernel32.lib user32.lib gdi32.lib winspool.lib comdlg32.lib advapi32.lib shell32.lib ole32.lib oleaut32.lib uuid.lib odbc32.lib odbccp32.lib /MANIFEST /ManifestFile:"Debug\八数码难题.exe.intermediate.manifest" /MANIFESTUAC:"level='asInvoker' uiAccess='false'" /DEBUG /PDB:"C:\Users\Roc\Documents\Visual Studio 2010\Projects\八数码难题\Debug\八数码难题.pdb" /SUBSYSTEM:CONSOLE /TLBID:1 /DYNAMICBASE /NXCOMPAT /IMPLIB:"C:\Users\Roc\Documents\Visual Studio 2010\Projects\八数码难题\Debug\八数码难题.lib" /MACHINE:X86 "Debug\八数码难题.exe.embed.manifest.res"
         "Debug\八数码难题.obj"
       Manifest:
         C:\Program Files (x86)\Microsoft SDKs\Windows\v7.0A\bin\mt.exe /nologo /verbose /out:"Debug\八数码难题.exe.embed.manifest" /manifest "Debug\八数码难题.exe.intermediate.manifest"
         所有输出均为最新。
       LinkEmbedManifest:
         所有输出均为最新。
         八数码难题.vcxproj -> C:\Users\Roc\Documents\Visual Studio 2010\Projects\八数码难题\Debug\八数码难题.exe
       FinalizeBuildStatus:
         正在删除文件“Debug\八数码难题.unsuccessfulbuild”。
         正在对“Debug\八数码难题.lastbuildstate”执行 Touch 任务。
     1>已完成生成项目“C:\Users\Roc\Documents\Visual Studio 2010\Projects\八数码难题\八数码难题\八数码难题.vcxproj”(build 个目标)的操作。

生成成功。

已用时间 00:00:04.54
