生成启动时间为 2016/12/8 10:53:55。
     1>项目“c:\Users\Roc\documents\visual studio 2010\Projects\上机练习\上机练习\上机练习.vcxproj”在节点 2 上(build 个目标)。
     1>InitializeBuildStatus:
         正在创建“Debug\上机练习.unsuccessfulbuild”，因为已指定“AlwaysCreate”。
       ClCompile:
         e:\Microsoft Visual Studio 10.0\VC\bin\CL.exe /c /ZI /nologo /W3 /WX- /Od /Oy- /D WIN32 /D _DEBUG /D _CONSOLE /D _UNICODE /D UNICODE /Gm /EHsc /RTC1 /MDd /GS /fp:precise /Zc:wchar_t /Zc:forScope /Fo"Debug\\" /Fd"Debug\vc100.pdb" /Gd /TP /analyze- /errorReport:prompt "上机练习.cpp"
         上机练习.cpp
     1>c:\users\roc\documents\visual studio 2010\projects\上机练习\上机练习\上机练习.cpp(12): warning C4996: 'strcpy': This function or variable may be unsafe. Consider using strcpy_s instead. To disable deprecation, use _CRT_SECURE_NO_WARNINGS. See online help for details.
                 e:\microsoft visual studio 10.0\vc\include\string.h(105) : 参见“strcpy”的声明
     1>c:\users\roc\documents\visual studio 2010\projects\上机练习\上机练习\上机练习.cpp(13): warning C4996: 'strcpy': This function or variable may be unsafe. Consider using strcpy_s instead. To disable deprecation, use _CRT_SECURE_NO_WARNINGS. See online help for details.
                 e:\microsoft visual studio 10.0\vc\include\string.h(105) : 参见“strcpy”的声明
       ManifestResourceCompile:
         所有输出均为最新。
       Link:
         e:\Microsoft Visual Studio 10.0\VC\bin\link.exe /ERRORREPORT:PROMPT /OUT:"c:\users\roc\documents\visual studio 2010\Projects\上机练习\Debug\上机练习.exe" /INCREMENTAL /NOLOGO kernel32.lib user32.lib gdi32.lib winspool.lib comdlg32.lib advapi32.lib shell32.lib ole32.lib oleaut32.lib uuid.lib odbc32.lib odbccp32.lib /MANIFEST /ManifestFile:"Debug\上机练习.exe.intermediate.manifest" /MANIFESTUAC:"level='asInvoker' uiAccess='false'" /DEBUG /PDB:"c:\users\roc\documents\visual studio 2010\Projects\上机练习\Debug\上机练习.pdb" /SUBSYSTEM:CONSOLE /TLBID:1 /DYNAMICBASE /NXCOMPAT /IMPLIB:"c:\users\roc\documents\visual studio 2010\Projects\上机练习\Debug\上机练习.lib" /MACHINE:X86 "Debug\上机练习.exe.embed.manifest.res"
         "Debug\上机练习.obj"
       Manifest:
         C:\Program Files (x86)\Microsoft SDKs\Windows\v7.0A\bin\mt.exe /nologo /verbose /out:"Debug\上机练习.exe.embed.manifest" /manifest "Debug\上机练习.exe.intermediate.manifest"
         所有输出均为最新。
       LinkEmbedManifest:
         所有输出均为最新。
         上机练习.vcxproj -> c:\users\roc\documents\visual studio 2010\Projects\上机练习\Debug\上机练习.exe
       FinalizeBuildStatus:
         正在删除文件“Debug\上机练习.unsuccessfulbuild”。
         正在对“Debug\上机练习.lastbuildstate”执行 Touch 任务。
     1>已完成生成项目“c:\Users\Roc\documents\visual studio 2010\Projects\上机练习\上机练习\上机练习.vcxproj”(build 个目标)的操作。

生成成功。

已用时间 00:00:01.42
